

***********************************************************************
Fatal NI connect error 12541, connecting to:
 (DESCRIPTION=(ADDRESS=(PROTOCOL=TCP)(HOST=127.0.0.1)(PORT=1521))(CONNECT_DATA=(SERVER=DEDICATED)(SERVICE_NAME=XE)(CID=(PROGRAM=D:\goprojects\src\github.com\mattn\go-oci8\_example\nls\nls.exe)(HOST=ZHONGBIFENG-PC)(USER=zhongbifeng))))

  VERSION INFORMATION:
	TNS for 32-bit Windows: Version 10.2.0.1.0 - Production
	Windows NT TCP/IP NT Protocol Adapter for 32-bit Windows: Version 10.2.0.1.0 - Production
  Time: 06-3ÔÂ -2017 19:25:09
  Tracing not turned on.
  Tns error struct:
    ns main err code: 12541
    TNS-12541: Message 12541 not found; No message file for product=NETWORK, facility=TNS
    ns secondary err code: 12560
    nt main err code: 511
    TNS-00511: Message 511 not found; No message file for product=NETWORK, facility=TNS
    nt secondary err code: 61
    nt OS err code: 0


***********************************************************************
Fatal NI connect error 12541, connecting to:
 (DESCRIPTION=(ADDRESS=(PROTOCOL=TCP)(HOST=127.0.0.1)(PORT=1521))(CONNECT_DATA=(SERVER=DEDICATED)(SERVICE_NAME=XE)(CID=(PROGRAM=D:\goprojects\src\github.com\mattn\go-oci8\_example\nls\nls.exe)(HOST=ZHONGBIFENG-PC)(USER=zhongbifeng))))

  VERSION INFORMATION:
	TNS for 32-bit Windows: Version 10.2.0.1.0 - Production
	Windows NT TCP/IP NT Protocol Adapter for 32-bit Windows: Version 10.2.0.1.0 - Production
  Time: 06-3ÔÂ -2017 19:27:02
  Tracing not turned on.
  Tns error struct:
    ns main err code: 12541
    TNS-12541: Message 12541 not found; No message file for product=NETWORK, facility=TNS
    ns secondary err code: 12560
    nt main err code: 511
    TNS-00511: Message 511 not found; No message file for product=NETWORK, facility=TNS
    nt secondary err code: 61
    nt OS err code: 0


***********************************************************************
Fatal NI connect error 12541, connecting to:
 (DESCRIPTION=(ADDRESS=(PROTOCOL=TCP)(HOST=127.0.0.1)(PORT=1521))(CONNECT_DATA=(SERVER=DEDICATED)(SERVICE_NAME=XE)(CID=(PROGRAM=D:\goprojects\src\github.com\mattn\go-oci8\_example\nls\nls.exe)(HOST=ZHONGBIFENG-PC)(USER=zhongbifeng))))

  VERSION INFORMATION:
	TNS for 32-bit Windows: Version 10.2.0.1.0 - Production
	Windows NT TCP/IP NT Protocol Adapter for 32-bit Windows: Version 10.2.0.1.0 - Production
  Time: 06-3ÔÂ -2017 19:27:58
  Tracing not turned on.
  Tns error struct:
    ns main err code: 12541
    TNS-12541: Message 12541 not found; No message file for product=NETWORK, facility=TNS
    ns secondary err code: 12560
    nt main err code: 511
    TNS-00511: Message 511 not found; No message file for product=NETWORK, facility=TNS
    nt secondary err code: 61
    nt OS err code: 0
